<?xml version="1.0" encoding="UTF-8"?>
<!-- Generated by org.testng.reporters.JUnitReportReporter -->
<testsuite hostname="DESKTOP-PVORNJD" failures="0" tests="4" name="testcases.HomeTest" time="227.364" errors="0" timestamp="2023-02-19T22:18:57 IST" skipped="0">
  <testcase classname="testcases.HomeTest" name="verifyLoginPageHeader" time="24.623"/>
  <system-out/>
  <testcase classname="testcases.HomeTest" name="verifyLoginWithValidCrendentials" time="96.544"/>
  <system-out/>
  <testcase classname="testcases.HomeTest" name="verifyBasicElementsTest" time="92.927"/>
  <system-out/>
  <testcase classname="testcases.HomeTest" name="verifyLoginPageTitleTest" time="13.270"/>
  <system-out/>
</testsuite> <!-- testcases.HomeTest -->
