<?xml version="1.0" encoding="UTF-8"?>
<!-- Generated by org.testng.reporters.JUnitReportReporter -->
<testsuite hostname="DESKTOP-PVORNJD" failures="0" tests="5" name="testcases.NewCustomerTest" time="251.886" errors="0" timestamp="2023-02-28T16:10:49 IST" skipped="0">
  <testcase classname="testcases.NewCustomerTest" name="validateNewCustomerRegistrationTest" time="122.653"/>
  <system-out/>
  <testcase classname="testcases.NewCustomerTest" name="validateNewCustomerRegistrationTest" time="44.028"/>
  <system-out/>
  <testcase classname="testcases.NewCustomerTest" name="validateNewCustomerRegistrationTest" time="25.984"/>
  <system-out/>
  <testcase classname="testcases.NewCustomerTest" name="validateNewCustomerRegistrationTest" time="37.003"/>
  <system-out/>
  <testcase classname="testcases.NewCustomerTest" name="validateNewCustomerRegistrationTest" time="22.218"/>
  <system-out/>
</testsuite> <!-- testcases.NewCustomerTest -->
